<?xml version="1.0" encoding="UTF-8"?>
<!-- Generated by org.testng.reporters.JUnitReportReporter -->
<testsuite hostname="Ankit" failures="0" tests="1" name="com.SauceDemo.TestClass.TC02_VerifyLogOutFunctionality" time="11.478" errors="0" timestamp="2022-10-09T13:23:00 IST" skipped="0">
  <testcase classname="com.SauceDemo.TestClass.TC02_VerifyLogOutFunctionality" name="VerifyLogOutFunctionality" time="11.478"/>
  <system-out/>
</testsuite> <!-- com.SauceDemo.TestClass.TC02_VerifyLogOutFunctionality -->
